#
# There is insufficient memory for the Java Runtime Environment to continue.
# Native memory allocation (mmap) failed to map 1540096 bytes for G1 virtual space
# Possible reasons:
#   The system is out of physical RAM or swap space
#   The process is running with CompressedOops enabled, and the Java Heap may be blocking the growth of the native heap
# Possible solutions:
#   Reduce memory load on the system
#   Increase physical memory or swap space
#   Check if swap backing store is full
#   Decrease Java heap size (-Xmx/-Xms)
#   Decrease number of Java threads
#   Decrease Java thread stack sizes (-Xss)
#   Set larger code cache with -XX:ReservedCodeCacheSize=
#   JVM is running with Unscaled Compressed Oops mode in which the Java heap is
#     placed in the first 4GB address space. The Java Heap base address is the
#     maximum limit for the native heap growth. Please use -XX:HeapBaseMinAddress
#     to set the Java Heap base and to place the Java Heap above 4GB virtual address.
# This output file may be truncated or incomplete.
#
#  Out of Memory Error (os_windows.cpp:3600), pid=29584, tid=32156
#
# JRE version:  (21.0.1+12) (build )
# Java VM: OpenJDK 64-Bit Server VM (21.0.1+12-29, mixed mode, sharing, tiered, compressed oops, compressed class ptrs, g1 gc, windows-amd64)
# No core dump will be written. Minidumps are not enabled by default on client versions of Windows
#

---------------  S U M M A R Y ------------

Command Line: -Dnet.bytebuddy.agent.attacher.dump= net.bytebuddy.agent.Attacher com.sun.tools.attach.VirtualMachine 1644 C:\Users\wende\.m2\repository\net\bytebuddy\byte-buddy-agent\1.14.13\byte-buddy-agent-1.14.13.jar false 

Host: AMD Ryzen 5 5500U with Radeon Graphics         , 12 cores, 5G,  Windows 11 , 64 bit Build 22621 (10.0.22621.3374)
Time: Fri May 10 15:43:54 2024 Hora Padrão de Buenos Aires elapsed time: 0.016034 seconds (0d 0h 0m 0s)

---------------  T H R E A D  ---------------

Current thread (0x0000020595e7d040):  JavaThread "Unknown thread" [_thread_in_vm, id=32156, stack(0x0000008cd4100000,0x0000008cd4200000) (1024K)]

Stack: [0x0000008cd4100000,0x0000008cd4200000]
Native frames: (J=compiled Java code, j=interpreted, Vv=VM code, C=native code)
V  [jvm.dll+0x6c9029]
V  [jvm.dll+0x854b81]
V  [jvm.dll+0x856e5e]
V  [jvm.dll+0x857543]
V  [jvm.dll+0x280c06]
V  [jvm.dll+0x6c5715]
V  [jvm.dll+0x6ba10a]
V  [jvm.dll+0x3557ea]
V  [jvm.dll+0x35d436]
V  [jvm.dll+0x3ae1d3]
V  [jvm.dll+0x3ae468]
V  [jvm.dll+0x3291fc]
V  [jvm.dll+0x329d8b]
V  [jvm.dll+0x81d179]
V  [jvm.dll+0x3bb4f1]
V  [jvm.dll+0x805ae8]
V  [jvm.dll+0x44effe]
V  [jvm.dll+0x450901]
C  [jli.dll+0x52a3]
C  [ucrtbase.dll+0x29333]
C  [KERNEL32.DLL+0x1257d]
C  [ntdll.dll+0x5aa48]


---------------  P R O C E S S  ---------------

Threads class SMR info:
_java_thread_list=0x00007fff37479b88, length=0, elements={
}

Java Threads: ( => current thread )
Total: 0

Other Threads:
  0x0000020595e5bdf0 WorkerThread "GC Thread#0"                     [id=4684, stack(0x0000008cd4200000,0x0000008cd4300000) (1024K)]
  0x00000205960499c0 ConcurrentGCThread "G1 Main Marker"            [id=34072, stack(0x0000008cd4300000,0x0000008cd4400000) (1024K)]
  0x0000020595e5cc70 WorkerThread "G1 Conc#0"                       [id=21936, stack(0x0000008cd4400000,0x0000008cd4500000) (1024K)]

[error occurred during error reporting (printing all threads), id 0xc0000005, EXCEPTION_ACCESS_VIOLATION (0xc0000005) at pc=0x00007fff36bec2c7]
VM state: not at safepoint (not fully initialized)

VM Mutex/Monitor currently owned by a thread:  ([mutex/lock_event])
[0x00007fff374ea6f8] Heap_lock - owner thread: 0x0000020595e7d040

Heap address: 0x00000000a2600000, size: 1498 MB, Compressed Oops mode: 32-bit

CDS archive(s) mapped at: [0x0000000000000000-0x0000000000000000-0x0000000000000000), size 0, SharedBaseAddress: 0x0000000800000000, ArchiveRelocationMode: 1.
Narrow klass base: 0x0000000000000000, Narrow klass shift: 0, Narrow klass range: 0x0

GC Precious Log:
 CardTable entry size: 512
 Card Set container configuration: InlinePtr #cards 5 size 8 Array Of Cards #cards 12 size 40 Howl #buckets 4 coarsen threshold 1843 Howl Bitmap #cards 512 size 80 coarsen threshold 460 Card regions per heap region 1 cards per card region 2048

Heap:
 garbage-first heap   total 0K, used 0K [0x00000000a2600000, 0x0000000100000000)
  region size 1024K, 0 young (0K), 0 survivors (0K)

[error occurred during error reporting (printing heap information), id 0xc0000005, EXCEPTION_ACCESS_VIOLATION (0xc0000005) at pc=0x00007fff36fd1be9]
GC Heap History (0 events):
No events

Dll operation events (1 events):
Event: 0.010 Loaded shared library C:\Users\wende\.jdks\openjdk-21.0.1\bin\java.dll

Deoptimization events (0 events):
No events

Classes loaded (0 events):
No events

Classes unloaded (0 events):
No events

Classes redefined (0 events):
No events

Internal exceptions (0 events):
No events

ZGC Phase Switch (0 events):
No events

VM Operations (0 events):
No events

Events (0 events):
No events


Dynamic libraries:
0x00007ff6d0cb0000 - 0x00007ff6d0cbe000 	C:\Users\wende\.jdks\openjdk-21.0.1\bin\java.exe
0x00007fffae8b0000 - 0x00007fffaeac6000 	C:\WINDOWS\SYSTEM32\ntdll.dll
0x00007fffac5e0000 - 0x00007fffac6a4000 	C:\WINDOWS\System32\KERNEL32.DLL
0x00007fffabd40000 - 0x00007fffac0e7000 	C:\WINDOWS\System32\KERNELBASE.dll
0x00007fffac3a0000 - 0x00007fffac4b1000 	C:\WINDOWS\System32\ucrtbase.dll
0x00007fffa7180000 - 0x00007fffa7198000 	C:\Users\wende\.jdks\openjdk-21.0.1\bin\jli.dll
0x00007fffa7120000 - 0x00007fffa713b000 	C:\Users\wende\.jdks\openjdk-21.0.1\bin\VCRUNTIME140.dll
0x00007fffacc00000 - 0x00007fffacdae000 	C:\WINDOWS\System32\USER32.dll
0x00007fffac5b0000 - 0x00007fffac5d6000 	C:\WINDOWS\System32\win32u.dll
0x00007fff8fbf0000 - 0x00007fff8fe83000 	C:\WINDOWS\WinSxS\amd64_microsoft.windows.common-controls_6595b64144ccf1df_6.0.22621.3235_none_270f74e173860f98\COMCTL32.dll
0x00007fffac780000 - 0x00007fffac827000 	C:\WINDOWS\System32\msvcrt.dll
0x00007fffae2b0000 - 0x00007fffae2d9000 	C:\WINDOWS\System32\GDI32.dll
0x00007fffac0f0000 - 0x00007fffac209000 	C:\WINDOWS\System32\gdi32full.dll
0x00007fffac210000 - 0x00007fffac2aa000 	C:\WINDOWS\System32\msvcp_win.dll
0x00007fffac830000 - 0x00007fffac861000 	C:\WINDOWS\System32\IMM32.DLL
0x00007fffa71b0000 - 0x00007fffa71bc000 	C:\Users\wende\.jdks\openjdk-21.0.1\bin\vcruntime140_1.dll
0x00007fff88170000 - 0x00007fff881fe000 	C:\Users\wende\.jdks\openjdk-21.0.1\bin\msvcp140.dll
0x00007fff368b0000 - 0x00007fff375c5000 	C:\Users\wende\.jdks\openjdk-21.0.1\bin\server\jvm.dll
0x00007fffadc40000 - 0x00007fffadcf2000 	C:\WINDOWS\System32\ADVAPI32.dll
0x00007fffac6c0000 - 0x00007fffac768000 	C:\WINDOWS\System32\sechost.dll
0x00007fffac4c0000 - 0x00007fffac4e8000 	C:\WINDOWS\System32\bcrypt.dll
0x00007fffae750000 - 0x00007fffae865000 	C:\WINDOWS\System32\RPCRT4.dll
0x00007ffface30000 - 0x00007fffacea1000 	C:\WINDOWS\System32\WS2_32.dll
0x00007fffab820000 - 0x00007fffab86d000 	C:\WINDOWS\SYSTEM32\POWRPROF.dll
0x00007fffa1780000 - 0x00007fffa178a000 	C:\WINDOWS\SYSTEM32\VERSION.dll
0x00007fffa31a0000 - 0x00007fffa31d4000 	C:\WINDOWS\SYSTEM32\WINMM.dll
0x00007fffab620000 - 0x00007fffab633000 	C:\WINDOWS\SYSTEM32\UMPDC.dll
0x00007fffaabe0000 - 0x00007fffaabf8000 	C:\WINDOWS\SYSTEM32\kernel.appcore.dll
0x00007fffa7170000 - 0x00007fffa717a000 	C:\Users\wende\.jdks\openjdk-21.0.1\bin\jimage.dll
0x00007fffa9310000 - 0x00007fffa9543000 	C:\WINDOWS\SYSTEM32\DBGHELP.DLL
0x00007fffae3c0000 - 0x00007fffae748000 	C:\WINDOWS\System32\combase.dll
0x00007fffae2e0000 - 0x00007fffae3b7000 	C:\WINDOWS\System32\OLEAUT32.dll
0x00007fff9e8f0000 - 0x00007fff9e922000 	C:\WINDOWS\SYSTEM32\dbgcore.DLL
0x00007fffac320000 - 0x00007fffac399000 	C:\WINDOWS\System32\bcryptPrimitives.dll
0x00007fffa2fd0000 - 0x00007fffa2fef000 	C:\Users\wende\.jdks\openjdk-21.0.1\bin\java.dll

dbghelp: loaded successfully - version: 4.0.5 - missing functions: none
symbol engine: initialized successfully - sym options: 0x614 - pdb path: .;C:\Users\wende\.jdks\openjdk-21.0.1\bin;C:\WINDOWS\SYSTEM32;C:\WINDOWS\WinSxS\amd64_microsoft.windows.common-controls_6595b64144ccf1df_6.0.22621.3235_none_270f74e173860f98;C:\Users\wende\.jdks\openjdk-21.0.1\bin\server

VM Arguments:
jvm_args: -Dnet.bytebuddy.agent.attacher.dump= 
java_command: net.bytebuddy.agent.Attacher com.sun.tools.attach.VirtualMachine 1644 C:\Users\wende\.m2\repository\net\bytebuddy\byte-buddy-agent\1.14.13\byte-buddy-agent-1.14.13.jar false 
java_class_path (initial): C:\Users\wende\.m2\repository\net\bytebuddy\byte-buddy-agent\1.14.13\byte-buddy-agent-1.14.13.jar
Launcher Type: SUN_STANDARD

[Global flags]
     intx CICompilerCount                          = 4                                         {product} {ergonomic}
     uint ConcGCThreads                            = 3                                         {product} {ergonomic}
     uint G1ConcRefinementThreads                  = 10                                        {product} {ergonomic}
   size_t G1HeapRegionSize                         = 1048576                                   {product} {ergonomic}
    uintx GCDrainStackTargetSize                   = 64                                        {product} {ergonomic}
   size_t InitialHeapSize                          = 98566144                                  {product} {ergonomic}
   size_t MarkStackSize                            = 4194304                                   {product} {ergonomic}
   size_t MaxHeapSize                              = 1570766848                                {product} {ergonomic}
   size_t MinHeapDeltaBytes                        = 1048576                                   {product} {ergonomic}
   size_t MinHeapSize                              = 8388608                                   {product} {ergonomic}
    uintx NonNMethodCodeHeapSize                   = 5839372                                {pd product} {ergonomic}
    uintx NonProfiledCodeHeapSize                  = 122909434                              {pd product} {ergonomic}
    uintx ProfiledCodeHeapSize                     = 122909434                              {pd product} {ergonomic}
    uintx ReservedCodeCacheSize                    = 251658240                              {pd product} {ergonomic}
     bool SegmentedCodeCache                       = true                                      {product} {ergonomic}
   size_t SoftMaxHeapSize                          = 1570766848                             {manageable} {ergonomic}
     bool UseCompressedOops                        = true                           {product lp64_product} {ergonomic}
     bool UseG1GC                                  = true                                      {product} {ergonomic}
     bool UseLargePagesIndividualAllocation        = false                                  {pd product} {ergonomic}

Logging:
Log output configuration:
 #0: stdout all=warning uptime,level,tags foldmultilines=false
 #1: stderr all=off uptime,level,tags foldmultilines=false

Environment Variables:
PATH=C:\Program Files\Common Files\Oracle\Java\javapath;C:\Program Files (x86)\Common Files\Oracle\Java\javapath;C:\WINDOWS\system32;C:\WINDOWS;C:\WINDOWS\System32\Wbem;C:\WINDOWS\System32\WindowsPowerShell\v1.0\;C:\WINDOWS\System32\OpenSSH\;C:\Program Files\Microsoft SQL Server\150\Tools\Binn\;C:\Program Files\nodejs\;C:\Program Files\Git\cmd;C:\apache-maven-3.9.6\bin;C:\Gradle\gradle-8.7\bin;C:\Program Files\MySQL\MySQL Shell 8.0\bin\;C:\Users\wende\AppData\Local\Microsoft\WindowsApps;C:\Users\wende\AppData\Local\Programs\Microsoft VS Code\bin;C:\Users\wende\AppData\Roaming\npm;C:\Users\wende\AppData\Local\GitHubDesktop\bin;
USERNAME=wende
OS=Windows_NT
PROCESSOR_IDENTIFIER=AMD64 Family 23 Model 104 Stepping 1, AuthenticAMD
TMP=C:\Users\wende\AppData\Local\Temp
TEMP=C:\Users\wende\AppData\Local\Temp




Periodic native trim disabled

---------------  S Y S T E M  ---------------

OS:
 Windows 11 , 64 bit Build 22621 (10.0.22621.3374)
OS uptime: 13 days 23:23 hours
Hyper-V role detected

CPU: total 12 (initial active 12) (12 cores per cpu, 2 threads per core) family 23 model 104 stepping 1 microcode 0x0, cx8, cmov, fxsr, ht, mmx, 3dnowpref, sse, sse2, sse3, ssse3, sse4a, sse4.1, sse4.2, popcnt, lzcnt, tsc, tscinvbit, avx, avx2, aes, clmul, bmi1, bmi2, adx, sha, fma, vzeroupper, clflush, clflushopt, hv, rdtscp, rdpid, f16c
Processor Information for processor 0
  Max Mhz: 2100, Current Mhz: 1893, Mhz Limit: 2100
Processor Information for processor 1
  Max Mhz: 2100, Current Mhz: 1813, Mhz Limit: 2100
Processor Information for processor 2
  Max Mhz: 2100, Current Mhz: 1813, Mhz Limit: 2100
Processor Information for processor 3
  Max Mhz: 2100, Current Mhz: 1893, Mhz Limit: 2100
Processor Information for processor 4
  Max Mhz: 2100, Current Mhz: 1813, Mhz Limit: 2100
Processor Information for processor 5
  Max Mhz: 2100, Current Mhz: 1813, Mhz Limit: 2100
Processor Information for processor 6
  Max Mhz: 2100, Current Mhz: 1893, Mhz Limit: 2100
Processor Information for processor 7
  Max Mhz: 2100, Current Mhz: 1893, Mhz Limit: 2100
Processor Information for processor 8
  Max Mhz: 2100, Current Mhz: 1893, Mhz Limit: 2100
Processor Information for processor 9
  Max Mhz: 2100, Current Mhz: 1813, Mhz Limit: 2100
Processor Information for processor 10
  Max Mhz: 2100, Current Mhz: 1813, Mhz Limit: 2100
Processor Information for processor 11
  Max Mhz: 2100, Current Mhz: 1813, Mhz Limit: 2100

Memory: 4k page, system-wide physical 5989M (289M free)
TotalPageFile size 24421M (AvailPageFile size 5M)
current process WorkingSet (physical memory assigned to process): 11M, peak: 11M
current process commit charge ("private bytes"): 158M, peak: 159M

vm_info: OpenJDK 64-Bit Server VM (21.0.1+12-29) for windows-amd64 JRE (21.0.1+12-29), built on 2023-10-05T13:27:09Z by "mach5one" with MS VC++ 17.1 (VS2022)

END.
